<?xml version="1.0" encoding="UTF-8" ?>
<testsuite failures="0" time="0.093" errors="0" skipped="0" tests="5" name="com.jjonsson.chess.scenarios.TestScenarios">
  <properties>
    <property name="java.runtime.name" value="Java(TM) SE Runtime Environment"/>
    <property name="sun.boot.library.path" value="/System/Library/Java/JavaVirtualMachines/1.6.0.jdk/Contents/Libraries"/>
    <property name="java.vm.version" value="17.1-b03-307"/>
    <property name="awt.nativeDoubleBuffering" value="true"/>
    <property name="gopherProxySet" value="false"/>
    <property name="mrj.build" value="10M3326"/>
    <property name="java.vm.vendor" value="Apple Inc."/>
    <property name="java.vendor.url" value="http://www.apple.com/"/>
    <property name="path.separator" value=":"/>
    <property name="java.vm.name" value="Java HotSpot(TM) 64-Bit Server VM"/>
    <property name="file.encoding.pkg" value="sun.io"/>
    <property name="user.country" value="SE"/>
    <property name="sun.java.launcher" value="SUN_STANDARD"/>
    <property name="sun.os.patch.level" value="unknown"/>
    <property name="java.vm.specification.name" value="Java Virtual Machine Specification"/>
    <property name="user.dir" value="/Users/jonatanjoensson/maven_projects/chess-svg"/>
    <property name="java.runtime.version" value="1.6.0_22-b04-307-10M3326"/>
    <property name="java.awt.graphicsenv" value="apple.awt.CGraphicsEnvironment"/>
    <property name="basedir" value="/Users/jonatanjoensson/maven_projects/chess-svg"/>
    <property name="java.endorsed.dirs" value="/System/Library/Java/JavaVirtualMachines/1.6.0.jdk/Contents/Home/lib/endorsed"/>
    <property name="os.arch" value="x86_64"/>
    <property name="surefire.real.class.path" value="/Users/jonatanjoensson/maven_projects/chess-svg/target/surefire/surefirebooter6776244083675159354.jar"/>
    <property name="java.io.tmpdir" value="/var/folders/MC/MCcqrdHuEbu041cHUiHam++++TI/-Tmp-/"/>
    <property name="line.separator" value="
"/>
    <property name="java.vm.specification.vendor" value="Sun Microsystems Inc."/>
    <property name="os.name" value="Mac OS X"/>
    <property name="sun.jnu.encoding" value="MacRoman"/>
    <property name="java.library.path" value=".:/Library/Java/Extensions:/System/Library/Java/Extensions:/usr/lib/java"/>
    <property name="surefire.test.class.path" value="/Users/jonatanjoensson/maven_projects/chess-svg/target/test-classes:/Users/jonatanjoensson/maven_projects/chess-svg/target/classes:/Users/jonatanjoensson/.m2/repository/junit/junit/4.8.2/junit-4.8.2.jar:/Users/jonatanjoensson/.m2/repository/xerces/xerces/1.2.3/xerces-1.2.3.jar:/Users/jonatanjoensson/.m2/repository/xml-apis/xml-apis/1.0.b2/xml-apis-1.0.b2.jar:/Users/jonatanjoensson/.m2/repository/xml-apis/xml-apis-ext/1.3.04/xml-apis-ext-1.3.04.jar:/Users/jonatanjoensson/.m2/repository/batik/batik-rasterizer/1.6/batik-rasterizer-1.6.jar:/Users/jonatanjoensson/.m2/repository/batik/batik-awt-util/1.6/batik-awt-util-1.6.jar:/Users/jonatanjoensson/.m2/repository/batik/batik-bridge/1.6/batik-bridge-1.6.jar:/Users/jonatanjoensson/.m2/repository/batik/batik-css/1.6/batik-css-1.6.jar:/Users/jonatanjoensson/.m2/repository/batik/batik-dom/1.6/batik-dom-1.6.jar:/Users/jonatanjoensson/.m2/repository/batik/batik-gvt/1.6/batik-gvt-1.6.jar:/Users/jonatanjoensson/.m2/repository/batik/batik-parser/1.6/batik-parser-1.6.jar:/Users/jonatanjoensson/.m2/repository/batik/batik-script/1.6/batik-script-1.6.jar:/Users/jonatanjoensson/.m2/repository/batik/batik-svg-dom/1.6/batik-svg-dom-1.6.jar:/Users/jonatanjoensson/.m2/repository/batik/batik-transcoder/1.6/batik-transcoder-1.6.jar:/Users/jonatanjoensson/.m2/repository/batik/batik-util/1.6/batik-util-1.6.jar:/Users/jonatanjoensson/.m2/repository/batik/batik-xml/1.6/batik-xml-1.6.jar:/Users/jonatanjoensson/.m2/repository/xerces/xercesImpl/2.5.0/xercesImpl-2.5.0.jar:/Users/jonatanjoensson/.m2/repository/xml-apis/xmlParserAPIs/2.0.2/xmlParserAPIs-2.0.2.jar:/Users/jonatanjoensson/.m2/repository/batik/batik-swing/1.6/batik-swing-1.6.jar:/Users/jonatanjoensson/.m2/repository/crimson/crimson/1.1.3/crimson-1.1.3.jar:/Users/jonatanjoensson/.m2/repository/com/google/guava/guava/r09/guava-r09.jar:"/>
    <property name="java.specification.name" value="Java Platform API Specification"/>
    <property name="java.class.version" value="50.0"/>
    <property name="sun.management.compiler" value="HotSpot 64-Bit Server Compiler"/>
    <property name="os.version" value="10.6.6"/>
    <property name="user.home" value="/Users/jonatanjoensson"/>
    <property name="user.timezone" value=""/>
    <property name="java.awt.printerjob" value="apple.awt.CPrinterJob"/>
    <property name="java.specification.version" value="1.6"/>
    <property name="file.encoding" value="MacRoman"/>
    <property name="user.name" value="jonatanjoensson"/>
    <property name="java.class.path" value="/Users/jonatanjoensson/maven_projects/chess-svg/target/test-classes:/Users/jonatanjoensson/maven_projects/chess-svg/target/classes:/Users/jonatanjoensson/.m2/repository/junit/junit/4.8.2/junit-4.8.2.jar:/Users/jonatanjoensson/.m2/repository/xerces/xerces/1.2.3/xerces-1.2.3.jar:/Users/jonatanjoensson/.m2/repository/xml-apis/xml-apis/1.0.b2/xml-apis-1.0.b2.jar:/Users/jonatanjoensson/.m2/repository/xml-apis/xml-apis-ext/1.3.04/xml-apis-ext-1.3.04.jar:/Users/jonatanjoensson/.m2/repository/batik/batik-rasterizer/1.6/batik-rasterizer-1.6.jar:/Users/jonatanjoensson/.m2/repository/batik/batik-awt-util/1.6/batik-awt-util-1.6.jar:/Users/jonatanjoensson/.m2/repository/batik/batik-bridge/1.6/batik-bridge-1.6.jar:/Users/jonatanjoensson/.m2/repository/batik/batik-css/1.6/batik-css-1.6.jar:/Users/jonatanjoensson/.m2/repository/batik/batik-dom/1.6/batik-dom-1.6.jar:/Users/jonatanjoensson/.m2/repository/batik/batik-gvt/1.6/batik-gvt-1.6.jar:/Users/jonatanjoensson/.m2/repository/batik/batik-parser/1.6/batik-parser-1.6.jar:/Users/jonatanjoensson/.m2/repository/batik/batik-script/1.6/batik-script-1.6.jar:/Users/jonatanjoensson/.m2/repository/batik/batik-svg-dom/1.6/batik-svg-dom-1.6.jar:/Users/jonatanjoensson/.m2/repository/batik/batik-transcoder/1.6/batik-transcoder-1.6.jar:/Users/jonatanjoensson/.m2/repository/batik/batik-util/1.6/batik-util-1.6.jar:/Users/jonatanjoensson/.m2/repository/batik/batik-xml/1.6/batik-xml-1.6.jar:/Users/jonatanjoensson/.m2/repository/xerces/xercesImpl/2.5.0/xercesImpl-2.5.0.jar:/Users/jonatanjoensson/.m2/repository/xml-apis/xmlParserAPIs/2.0.2/xmlParserAPIs-2.0.2.jar:/Users/jonatanjoensson/.m2/repository/batik/batik-swing/1.6/batik-swing-1.6.jar:/Users/jonatanjoensson/.m2/repository/crimson/crimson/1.1.3/crimson-1.1.3.jar:/Users/jonatanjoensson/.m2/repository/com/google/guava/guava/r09/guava-r09.jar:"/>
    <property name="java.vm.specification.version" value="1.0"/>
    <property name="sun.arch.data.model" value="64"/>
    <property name="java.home" value="/System/Library/Java/JavaVirtualMachines/1.6.0.jdk/Contents/Home"/>
    <property name="java.specification.vendor" value="Sun Microsystems Inc."/>
    <property name="user.language" value="sv"/>
    <property name="awt.toolkit" value="apple.awt.CToolkit"/>
    <property name="java.vm.info" value="mixed mode"/>
    <property name="java.version" value="1.6.0_22"/>
    <property name="java.ext.dirs" value="/Library/Java/Extensions:/System/Library/Java/Extensions:/System/Library/Java/JavaVirtualMachines/1.6.0.jdk/Contents/Home/lib/ext"/>
    <property name="sun.boot.class.path" value="/System/Library/Java/JavaVirtualMachines/1.6.0.jdk/Contents/Classes/jsfd.jar:/System/Library/Java/JavaVirtualMachines/1.6.0.jdk/Contents/Classes/classes.jar:/System/Library/Frameworks/JavaVM.framework/Frameworks/JavaRuntimeSupport.framework/Resources/Java/JavaRuntimeSupport.jar:/System/Library/Java/JavaVirtualMachines/1.6.0.jdk/Contents/Classes/ui.jar:/System/Library/Java/JavaVirtualMachines/1.6.0.jdk/Contents/Classes/laf.jar:/System/Library/Java/JavaVirtualMachines/1.6.0.jdk/Contents/Classes/sunrsasign.jar:/System/Library/Java/JavaVirtualMachines/1.6.0.jdk/Contents/Classes/jsse.jar:/System/Library/Java/JavaVirtualMachines/1.6.0.jdk/Contents/Classes/jce.jar:/System/Library/Java/JavaVirtualMachines/1.6.0.jdk/Contents/Classes/charsets.jar"/>
    <property name="java.vendor" value="Apple Inc."/>
    <property name="localRepository" value="/Users/jonatanjoensson/.m2/repository"/>
    <property name="file.separator" value="/"/>
    <property name="java.vendor.url.bug" value="http://bugreport.apple.com/"/>
    <property name="sun.cpu.endian" value="little"/>
    <property name="sun.io.unicode.encoding" value="UnicodeLittle"/>
    <property name="mrj.version" value="1060.1.6.0_22-307"/>
    <property name="sun.cpu.isalist" value=""/>
  </properties>
  <testcase time="0.01" classname="com.jjonsson.chess.scenarios.TestScenarios" name="testPawnTakeOverMoveShouldRemoveAvailabilityOfTwoStepMove"/>
  <testcase time="0.02" classname="com.jjonsson.chess.scenarios.TestScenarios" name="testMoveAvailabilityUnderFutureCheck"/>
  <testcase time="0.039" classname="com.jjonsson.chess.scenarios.TestScenarios" name="testPawnReplacementAndGameStateChanges"/>
  <testcase time="0.012" classname="com.jjonsson.chess.scenarios.TestScenarios" name="testKingPossibleMovesUnderCheck"/>
  <testcase time="0.006" classname="com.jjonsson.chess.scenarios.TestScenarios" name="testTakeOverMoveShouldNotBePossible"/>
</testsuite>